
> vite-react-typescript-starter@0.0.0 build
> vite build

[36mvite v5.4.8 [32mbuilding for production...[36m[39m
transforming...
Browserslist: caniuse-lite is outdated. Please run:
  npx update-browserslist-db@latest
  Why you should do it regularly: https://github.com/browserslist/update-db#readme


Source path: C:/Users/josep/Desktop/CEDRAMOVEMENT APPLICATION/MoveDAO/node_modules/@razorlabs/razorkit/dist/style.css
Setting up new context...
JIT TOTAL: 140.791ms




Source path: C:/Users/josep/Desktop/CEDRAMOVEMENT APPLICATION/MoveDAO/src/index.css
Setting up new context...
Finding changed files: 11.529ms
Reading changed files: 352.064ms
Sorting candidates: 8.781ms
Generate rules: 318.76ms
Build stylesheet: 5.565ms
Potential classes:  10613
Active contexts:  2
JIT TOTAL: 761.056ms




Source path: C:/Users/josep/Desktop/CEDRAMOVEMENT APPLICATION/MoveDAO/src/components/styles/Header.css
JIT TOTAL: 1.886ms


../../../../../../C:/Users/josep/Desktop/CEDRAMOVEMENT APPLICATION/MoveDAO/node_modules/@noble/curves/esm/ed25519.js (416:0): A comment

"/* @__PURE__ */"

in "../../../../../../C:/Users/josep/Desktop/CEDRAMOVEMENT APPLICATION/MoveDAO/node_modules/@noble/curves/esm/ed25519.js" contains an annotation that Rollup cannot interpret due to the position of the comment. The comment will be removed to avoid issues.
../../../../../../C:/Users/josep/Desktop/CEDRAMOVEMENT APPLICATION/MoveDAO/node_modules/@noble/curves/esm/ed25519.js (419:0): A comment

"/* @__PURE__ */"

in "../../../../../../C:/Users/josep/Desktop/CEDRAMOVEMENT APPLICATION/MoveDAO/node_modules/@noble/curves/esm/ed25519.js" contains an annotation that Rollup cannot interpret due to the position of the comment. The comment will be removed to avoid issues.
[32m✓[39m 2603 modules transformed.
rendering chunks...
computing gzip size...
[2mdist/[22m[32mindex.html                 [39m[1m[2m    2.19 kB[22m[1m[22m[2m │ gzip:     0.71 kB[22m
[2mdist/[22m[35massets/index-DwqD_vdj.css  [39m[1m[2m   73.16 kB[22m[1m[22m[2m │ gzip:    13.35 kB[22m
[2mdist/[22m[36massets/index-DaEe8-L-.js   [39m[1m[33m6,663.41 kB[39m[22m[2m │ gzip: 2,039.44 kB[22m
[33m
(!) Some chunks are larger than 500 kB after minification. Consider:
- Using dynamic import() to code-split the application
- Use build.rollupOptions.output.manualChunks to improve chunking: https://rollupjs.org/configuration-options/#output-manualchunks
- Adjust chunk size limit for this warning via build.chunkSizeWarningLimit.[39m
[32m✓ built in 43.45s[39m
